\BOOKMARK [1][-]{section.1}{\376\377\000I\000n\000t\000r\000o\000d\000u\000c\000t\000i\000o\000n}{}% 1
\BOOKMARK [2][-]{subsection.1.1}{\376\377\000B\000a\000c\000k\000g\000r\000o\000u\000n\000d}{section.1}% 2
\BOOKMARK [2][-]{subsection.1.2}{\376\377\000P\000u\000r\000p\000o\000s\000e\000\040\000o\000f\000\040\000t\000h\000e\000\040\000p\000r\000o\000j\000e\000c\000t}{section.1}% 3
\BOOKMARK [2][-]{subsection.1.3}{\376\377\000W\000o\000r\000k\000\040\000d\000i\000s\000t\000r\000i\000b\000u\000t\000i\000o\000n\000\040\000a\000n\000d\000\040\000p\000l\000a\000n\000n\000i\000n\000g}{section.1}% 4
\BOOKMARK [2][-]{subsection.1.4}{\376\377\000G\000r\000a\000d\000i\000n\000g\000\040\000c\000r\000i\000t\000e\000r\000i\000a}{section.1}% 5
\BOOKMARK [1][-]{section.2}{\376\377\000W\000o\000r\000k\000i\000n\000g\000\040\000p\000r\000i\000n\000c\000i\000p\000l\000e}{}% 6
\BOOKMARK [2][-]{subsection.2.1}{\376\377\000M\000i\000c\000r\000o\000c\000o\000n\000t\000r\000o\000l\000l\000e\000r}{section.2}% 7
\BOOKMARK [2][-]{subsection.2.2}{\376\377\000S\000i\000n\000g\000l\000e\000-\000b\000o\000a\000r\000d\000\040\000c\000o\000m\000p\000u\000t\000e\000r}{section.2}% 8
\BOOKMARK [2][-]{subsection.2.3}{\376\377\000D\000i\000g\000i\000t\000a\000l\000\040\000t\000e\000m\000p\000e\000r\000a\000t\000u\000r\000e\000\040\000s\000e\000n\000s\000o\000r}{section.2}% 9
\BOOKMARK [2][-]{subsection.2.4}{\376\377\000U\000A\000R\000T\000\040\000c\000o\000m\000m\000u\000n\000i\000c\000a\000t\000i\000o\000n}{section.2}% 10
\BOOKMARK [2][-]{subsection.2.5}{\376\377\000W\000e\000b\000\040\000a\000p\000p\000l\000i\000c\000a\000t\000i\000o\000n}{section.2}% 11
\BOOKMARK [1][-]{section.3}{\376\377\000I\000m\000p\000l\000e\000m\000e\000n\000t\000a\000t\000i\000o\000n}{}% 12
\BOOKMARK [2][-]{subsection.3.1}{\376\377\000O\000v\000e\000r\000v\000i\000e\000w\000\040\000o\000f\000\040\000t\000h\000e\000\040\000s\000y\000s\000t\000e\000m}{section.3}% 13
\BOOKMARK [2][-]{subsection.3.2}{\376\377\000H\000a\000r\000d\000w\000a\000r\000e\000\040\000a\000n\000d\000\040\000c\000o\000m\000p\000o\000n\000e\000n\000t\000s}{section.3}% 14
\BOOKMARK [2][-]{subsection.3.3}{\376\377\000S\000o\000f\000t\000w\000a\000r\000e\000\040\000a\000n\000d\000\040\000d\000e\000v\000e\000l\000o\000p\000m\000e\000n\000t\000\040\000t\000o\000o\000l\000s}{section.3}% 15
\BOOKMARK [3][-]{subsubsection.3.3.1}{\376\377\000N\000e\000o\000v\000i\000m}{subsection.3.3}% 16
\BOOKMARK [3][-]{subsubsection.3.3.2}{\376\377\000C\000r\000o\000s\000s\000-\000c\000o\000m\000p\000i\000l\000a\000t\000i\000o\000n}{subsection.3.3}% 17
\BOOKMARK [3][-]{subsubsection.3.3.3}{\376\377\000O\000r\000g\000-\000m\000o\000d\000e}{subsection.3.3}% 18
\BOOKMARK [3][-]{subsubsection.3.3.4}{\376\377\000A\000V\000R\000-\000G\000C\000C\000\040\000T\000o\000o\000l\000c\000h\000a\000i\000n}{subsection.3.3}% 19
\BOOKMARK [3][-]{subsubsection.3.3.5}{\376\377\000G\000i\000t}{subsection.3.3}% 20
\BOOKMARK [3][-]{subsubsection.3.3.6}{\376\377\000V\000i\000m\000T\000e\000X}{subsection.3.3}% 21
\BOOKMARK [2][-]{subsection.3.4}{\376\377\000I\000m\000p\000l\000e\000m\000e\000n\000t\000a\000t\000i\000o\000n}{section.3}% 22
\BOOKMARK [3][-]{subsubsection.3.4.1}{\376\377\000U\000A\000R\000T\000\040\000d\000r\000i\000v\000e\000r\000s}{subsection.3.4}% 23
\BOOKMARK [3][-]{subsubsection.3.4.2}{\376\377\000D\000S\0001\0008\000B\0002\0000\000\040\000d\000r\000i\000v\000e\000r\000s}{subsection.3.4}% 24
\BOOKMARK [3][-]{subsubsection.3.4.3}{\376\377\000M\000o\000n\000g\000o\000D\000B}{subsection.3.4}% 25
\BOOKMARK [3][-]{subsubsection.3.4.4}{\376\377\000S\000y\000s\000t\000e\000m\000d\000\040\000s\000e\000r\000v\000i\000c\000e}{subsection.3.4}% 26
\BOOKMARK [3][-]{subsubsection.3.4.5}{\376\377\000P\000l\000o\000t\000l\000y\000\040\000D\000a\000s\000h\000\040\000w\000e\000b\000\040\000a\000p\000p\000l\000i\000c\000a\000t\000i\000o\000n}{subsection.3.4}% 27
\BOOKMARK [1][-]{section.4}{\376\377\000R\000e\000s\000u\000l\000t\000\040\000a\000n\000d\000\040\000d\000i\000s\000c\000u\000s\000s\000i\000o\000n\000s}{}% 28
\BOOKMARK [1][-]{section.5}{\376\377\000C\000o\000n\000c\000l\000u\000s\000i\000o\000n\000s\000\040\000a\000n\000d\000\040\000f\000u\000t\000h\000e\000r\000\040\000w\000o\000r\000k}{}% 29
\BOOKMARK [2][-]{subsection.5.1}{\376\377\000I\000m\000p\000r\000o\000v\000e\000m\000e\000n\000t\000s}{section.5}% 30
